2021-05-17 20:16:27.709 [main] FATAL com.revature.app.Driver - User exited the app forcefully using a shortcut.
2021-05-17 20:16:27.713 [main] TRACE com.revature.app.Driver - Exited the app correctly after writting the state of our UserList.
2021-05-17 21:17:53.465 [main] TRACE com.revature.app.Driver - Account [226258748] has been approved by pablo morejon.
2021-05-17 21:17:53.491 [main] TRACE com.revature.app.Driver - Account [167132154] has been rejected by pablo morejon and it's funds have been withdrawn.
2021-05-17 21:17:53.494 [main] TRACE com.revature.app.Driver - Account [596371865] has been approved by pablo morejon.
2021-05-17 21:17:53.499 [main] TRACE com.revature.app.Driver - Account [185892386] has been approved by pablo morejon.
2021-05-17 21:17:53.500 [main] TRACE com.revature.app.Driver - Account [185892386] has been cancelled by pablo morejon and its funds have been withdrawn.
2021-05-17 21:19:12.175 [main] TRACE com.revature.app.Driver - Created customer Luis Merino with username merinolu.
2021-05-17 21:19:16.914 [main] TRACE com.revature.app.Driver - Exited the application correctly after writting the state of our UserList.
2021-05-17 21:20:02.744 [main] TRACE com.revature.app.Driver - Account [589220417] has been approved by pablo morejon.
2021-05-17 21:20:02.769 [main] TRACE com.revature.app.Driver - Account [466340295] has been rejected by pablo morejon and it's funds have been withdrawn.
2021-05-17 21:20:02.772 [main] TRACE com.revature.app.Driver - Account [179779493] has been approved by pablo morejon.
2021-05-17 21:20:02.777 [main] TRACE com.revature.app.Driver - Account [585061910] has been approved by pablo morejon.
2021-05-17 21:20:02.778 [main] TRACE com.revature.app.Driver - Account [585061910] has been cancelled by pablo morejon and its funds have been withdrawn.
2021-05-17 21:20:08.230 [main] TRACE com.revature.app.Driver - Account [362203395] has been approved by pablo morejon.
2021-05-17 21:20:08.256 [main] TRACE com.revature.app.Driver - Account [486997165] has been rejected by pablo morejon and it's funds have been withdrawn.
2021-05-17 21:20:08.259 [main] TRACE com.revature.app.Driver - Account [310981844] has been approved by pablo morejon.
2021-05-17 21:20:08.265 [main] TRACE com.revature.app.Driver - Account [974581109] has been approved by pablo morejon.
2021-05-17 21:20:08.265 [main] TRACE com.revature.app.Driver - Account [974581109] has been cancelled by pablo morejon and its funds have been withdrawn.
2021-05-17 21:26:41.526 [main] TRACE com.revature.app.Driver - Exited the application correctly after writting the state of our UserList.
2021-05-17 21:28:21.640 [main] TRACE com.revature.app.Driver - Created customer Luis Merino with username merinolu.
2021-05-17 21:28:34.476 [main] TRACE com.revature.app.Driver - Exited the application correctly after writting the state of our UserList.
2021-05-17 21:28:59.877 [main] TRACE com.revature.app.Driver - Exited the application correctly after writting the state of our UserList.
2021-05-17 21:29:08.981 [main] TRACE com.revature.app.Driver - Account [530161071] has been approved by pablo morejon.
2021-05-17 21:29:09.002 [main] TRACE com.revature.app.Driver - Account [511045888] has been rejected by pablo morejon and it's funds have been withdrawn.
2021-05-17 21:29:09.006 [main] TRACE com.revature.app.Driver - Account [332519154] has been approved by pablo morejon.
2021-05-17 21:29:09.012 [main] TRACE com.revature.app.Driver - Account [995102194] has been approved by pablo morejon.
2021-05-17 21:29:09.014 [main] TRACE com.revature.app.Driver - Account [995102194] has been cancelled by pablo morejon and its funds have been withdrawn.
2021-05-17 21:29:26.395 [main] FATAL com.revature.app.Driver - User exited the app forcefully using a shortcut.
2021-05-17 21:29:26.399 [main] TRACE com.revature.app.Driver - Exited the application correctly after writting the state of our UserList.
2021-05-17 21:29:34.919 [main] TRACE com.revature.app.Driver - Account [608482920] has been approved by pablo morejon.
2021-05-17 21:29:34.939 [main] TRACE com.revature.app.Driver - Account [632556834] has been rejected by pablo morejon and it's funds have been withdrawn.
2021-05-17 21:29:34.942 [main] TRACE com.revature.app.Driver - Account [923162652] has been approved by pablo morejon.
2021-05-17 21:29:34.946 [main] TRACE com.revature.app.Driver - Account [153491708] has been approved by pablo morejon.
2021-05-17 21:29:34.948 [main] TRACE com.revature.app.Driver - Account [153491708] has been cancelled by pablo morejon and its funds have been withdrawn.
2021-05-17 21:35:54.282 [main] TRACE com.revature.app.Driver - Created customer Luis Merino with username merinolu.
2021-05-17 21:35:58.361 [main] TRACE com.revature.app.Driver - Exited the application correctly after writting the state of our UserList.
2021-05-17 21:53:14.738 [main] TRACE com.revature.app.Driver - Changed password for user merinolu
2021-05-17 21:53:33.508 [main] TRACE com.revature.app.Driver - A new account was created. Account number [218395454] has balance 500.0, and is assigned to users: merinolu;
2021-05-17 21:54:22.606 [main] TRACE com.revature.app.Driver - Created employee Pablo Morejon with username morejonpa.
2021-05-17 21:55:43.581 [main] TRACE com.revature.app.Driver - Account [218395454] has been approved by Pablo Morejon.
2021-05-17 21:57:16.426 [main] TRACE com.revature.app.Driver - Account [188836922] has been rejected by Pablo Morejon and it's funds have been withdrawn.
2021-05-17 21:57:20.419 [main] FATAL com.revature.app.Driver - User exited the app forcefully using a shortcut.
2021-05-17 21:57:20.421 [main] TRACE com.revature.app.Driver - Exited the application correctly after writting the state of our UserList.
2021-05-17 21:58:31.969 [main] TRACE com.revature.app.Driver - Exited the application correctly after writting the state of our UserList.
<<<<<<< HEAD
2021-05-17 22:11:48.428 [main] TRACE com.revature.app.Driver - Exited the application correctly after writting the state of our UserList.
=======
>>>>>>> 082bcb2 (Fixed Jnuit test reseting UserData)
2021-05-17 22:26:40.188 [main] FATAL com.revature.app.Driver - User exited the app forcefully using a shortcut.
2021-05-17 22:26:40.195 [main] TRACE com.revature.app.Driver - Exited the application correctly after writting the state of our UserList.
